<?xml version="1.0" encoding="UTF-8"?>
<!-- Generated by org.testng.reporters.JUnitXMLReporter -->
<testsuite ignored="3" hostname="LAPTOP-6EHNOHDB" failures="0" tests="1" name="Default test" time="4.602" errors="0" timestamp="21 Aug 2019 17:26:03 GMT">
  <testcase classname="com.Tests.automation.TestCase1" name="yourDestination" time="0.366"/>
  <testcase classname="com.Tests.automation.TestCase1" name="signOn" time="0.0">
    <ignored/>
  </testcase> <!-- signOn -->
  <testcase classname="com.Tests.automation.TestCase1" name="signUp" time="0.0">
    <ignored/>
  </testcase> <!-- signUp -->
  <testcase classname="com.Tests.automation.TestCase1" name="signUpWithNumbers" time="0.0">
    <ignored/>
  </testcase> <!-- signUpWithNumbers -->
</testsuite> <!-- Default test -->
