<?xml version="1.0" encoding="UTF-8"?>
<!-- Generated by org.testng.reporters.JUnitXMLReporter -->
<testsuite ignored="3" hostname="LAPTOP-6EHNOHDB" failures="0" tests="1" name="Default test" time="5.394" errors="0" timestamp="22 Aug 2019 21:12:59 GMT">
  <testcase classname="com.Tests.automation.TestCase1" name="yourDestination" time="0.384"/>
  <testcase classname="com.Tests.automation.TestCase1" name="signUp" time="0.0">
    <ignored/>
  </testcase> <!-- signUp -->
  <testcase classname="com.Tests.automation.TestCase1" name="register" time="0.0">
    <ignored/>
  </testcase> <!-- register -->
  <testcase classname="com.Tests.automation.TestCase1" name="signUpagain" time="0.0">
    <ignored/>
  </testcase> <!-- signUpagain -->
</testsuite> <!-- Default test -->
