<?xml version="1.0" encoding="UTF-8"?>
<testng-results ignored="0" total="1" passed="1" failed="0" skipped="0">
  <reporter-output>
  </reporter-output>
  <suite started-at="2020-03-03T21:32:10Z" name="Default suite" finished-at="2020-03-03T21:32:17Z" duration-ms="6737">
    <groups>
    </groups>
    <test started-at="2020-03-03T21:32:10Z" name="Default test" finished-at="2020-03-03T21:32:17Z" duration-ms="6737">
      <class name="com.Tests.automation.facebook">
        <test-method is-config="true" signature="initaiteDriver()[pri:0, instance:com.Tests.automation.facebook@358c99f5]" started-at="2020-03-03T21:32:10Z" name="initaiteDriver" finished-at="2020-03-03T21:32:17Z" duration-ms="6363" status="PASS">
          <reporter-output>
          </reporter-output>
        </test-method> <!-- initaiteDriver -->
        <test-method signature="testLogin()[pri:0, instance:com.Tests.automation.facebook@358c99f5]" started-at="2020-03-03T21:32:17Z" name="testLogin" finished-at="2020-03-03T21:32:17Z" duration-ms="351" status="PASS">
          <reporter-output>
          </reporter-output>
        </test-method> <!-- testLogin -->
      </class> <!-- com.Tests.automation.facebook -->
    </test> <!-- Default test -->
  </suite> <!-- Default suite -->
</testng-results>
